Traceback (most recent call last):
  File "/opt/hostedtoolcache/Python/3.11.10/x64/lib/python3.11/site-packages/jupyter_cache/executors/utils.py", line 58, in single_nb_execution
    executenb(
  File "/opt/hostedtoolcache/Python/3.11.10/x64/lib/python3.11/site-packages/nbclient/client.py", line 1314, in execute
    return NotebookClient(nb=nb, resources=resources, km=km, **kwargs).execute()
           ^^^^^^^^^^^^^^^^^^^^^^^^^^^^^^^^^^^^^^^^^^^^^^^^^^^^^^^^^^^^^^^^^^^^^
  File "/opt/hostedtoolcache/Python/3.11.10/x64/lib/python3.11/site-packages/jupyter_core/utils/__init__.py", line 165, in wrapped
    return loop.run_until_complete(inner)
           ^^^^^^^^^^^^^^^^^^^^^^^^^^^^^^
  File "/opt/hostedtoolcache/Python/3.11.10/x64/lib/python3.11/asyncio/base_events.py", line 654, in run_until_complete
    return future.result()
           ^^^^^^^^^^^^^^^
  File "/opt/hostedtoolcache/Python/3.11.10/x64/lib/python3.11/site-packages/nbclient/client.py", line 709, in async_execute
    await self.async_execute_cell(
  File "/opt/hostedtoolcache/Python/3.11.10/x64/lib/python3.11/site-packages/nbclient/client.py", line 1062, in async_execute_cell
    await self._check_raise_for_error(cell, cell_index, exec_reply)
  File "/opt/hostedtoolcache/Python/3.11.10/x64/lib/python3.11/site-packages/nbclient/client.py", line 918, in _check_raise_for_error
    raise CellExecutionError.from_cell_and_msg(cell, exec_reply_content)
nbclient.exceptions.CellExecutionError: An error occurred while executing the following cell:
------------------
%matplotlib inline
import numpy as np
from scipy.integrate import solve_ivp
import matplotlib.pyplot as plt
import seaborn as sns
sns.set()
sns.set_context("talk")

def fderiv(t, y, r, k):
    # YOUR CODE HERE
    raise NotImplementedError()

def solve_system(T0, TF, Y0, DT, r, k):
    # YOUR CODE HERE
    raise NotImplementedError()

solve_system(T0=0.0, TF=2000.0, Y0=3.0, DT=0.2, r=0.01, k=10)
solve_system(T0=0.0, TF=200.0, Y0=3.0, DT=0.2, r=0.1, k=10)
solve_system(T0=0.0, TF=200.0, Y0=3.0, DT=0.2, r=1.1, k=10)
solve_system(T0=0.0, TF=2000.0, Y0=3.0, DT=0.2, r=0.9, k=3)
------------------


[0;31m---------------------------------------------------------------------------[0m
[0;31mNotImplementedError[0m                       Traceback (most recent call last)
Cell [0;32mIn[3], line 17[0m
[1;32m     13[0m [38;5;28;01mdef[39;00m [38;5;21msolve_system[39m(T0, TF, Y0, DT, r, k):
[1;32m     14[0m     [38;5;66;03m# YOUR CODE HERE[39;00m
[1;32m     15[0m     [38;5;28;01mraise[39;00m [38;5;167;01mNotImplementedError[39;00m()
[0;32m---> 17[0m [43msolve_system[49m[43m([49m[43mT0[49m[38;5;241;43m=[39;49m[38;5;241;43m0.0[39;49m[43m,[49m[43m [49m[43mTF[49m[38;5;241;43m=[39;49m[38;5;241;43m2000.0[39;49m[43m,[49m[43m [49m[43mY0[49m[38;5;241;43m=[39;49m[38;5;241;43m3.0[39;49m[43m,[49m[43m [49m[43mDT[49m[38;5;241;43m=[39;49m[38;5;241;43m0.2[39;49m[43m,[49m[43m [49m[43mr[49m[38;5;241;43m=[39;49m[38;5;241;43m0.01[39;49m[43m,[49m[43m [49m[43mk[49m[38;5;241;43m=[39;49m[38;5;241;43m10[39;49m[43m)[49m
[1;32m     18[0m solve_system(T0[38;5;241m=[39m[38;5;241m0.0[39m, TF[38;5;241m=[39m[38;5;241m200.0[39m, Y0[38;5;241m=[39m[38;5;241m3.0[39m, DT[38;5;241m=[39m[38;5;241m0.2[39m, r[38;5;241m=[39m[38;5;241m0.1[39m, k[38;5;241m=[39m[38;5;241m10[39m)
[1;32m     19[0m solve_system(T0[38;5;241m=[39m[38;5;241m0.0[39m, TF[38;5;241m=[39m[38;5;241m200.0[39m, Y0[38;5;241m=[39m[38;5;241m3.0[39m, DT[38;5;241m=[39m[38;5;241m0.2[39m, r[38;5;241m=[39m[38;5;241m1.1[39m, k[38;5;241m=[39m[38;5;241m10[39m)

Cell [0;32mIn[3], line 15[0m, in [0;36msolve_system[0;34m(T0, TF, Y0, DT, r, k)[0m
[1;32m     13[0m [38;5;28;01mdef[39;00m [38;5;21msolve_system[39m(T0, TF, Y0, DT, r, k):
[1;32m     14[0m     [38;5;66;03m# YOUR CODE HERE[39;00m
[0;32m---> 15[0m     [38;5;28;01mraise[39;00m [38;5;167;01mNotImplementedError[39;00m()

[0;31mNotImplementedError[0m: 

