Traceback (most recent call last):
  File "/opt/hostedtoolcache/Python/3.11.15/x64/lib/python3.11/site-packages/jupyter_cache/executors/utils.py", line 58, in single_nb_execution
    executenb(
  File "/opt/hostedtoolcache/Python/3.11.15/x64/lib/python3.11/site-packages/nbclient/client.py", line 1323, in execute
    return NotebookClient(nb=nb, resources=resources, km=km, **kwargs).execute()
           ^^^^^^^^^^^^^^^^^^^^^^^^^^^^^^^^^^^^^^^^^^^^^^^^^^^^^^^^^^^^^^^^^^^^^
  File "/opt/hostedtoolcache/Python/3.11.15/x64/lib/python3.11/site-packages/jupyter_core/utils/__init__.py", line 165, in wrapped
    return loop.run_until_complete(inner)
           ^^^^^^^^^^^^^^^^^^^^^^^^^^^^^^
  File "/opt/hostedtoolcache/Python/3.11.15/x64/lib/python3.11/asyncio/base_events.py", line 654, in run_until_complete
    return future.result()
           ^^^^^^^^^^^^^^^
  File "/opt/hostedtoolcache/Python/3.11.15/x64/lib/python3.11/site-packages/nbclient/client.py", line 709, in async_execute
    await self.async_execute_cell(
  File "/opt/hostedtoolcache/Python/3.11.15/x64/lib/python3.11/site-packages/nbclient/client.py", line 1062, in async_execute_cell
    await self._check_raise_for_error(cell, cell_index, exec_reply)
  File "/opt/hostedtoolcache/Python/3.11.15/x64/lib/python3.11/site-packages/nbclient/client.py", line 918, in _check_raise_for_error
    raise CellExecutionError.from_cell_and_msg(cell, exec_reply_content)
nbclient.exceptions.CellExecutionError: An error occurred while executing the following cell:
------------------
#print(trapezoid(lambda x: 2*np.exp(-x*x)/np.sqrt(np.pi), 0, 5, 100))
#print(trapezoid(fun, 0, 5, 100))
compute_integral_plot(trapezoid, 0.1, 10.0, 0.1, 500, "Trapezoid")
------------------


[31m---------------------------------------------------------------------------[39m
[31mNotImplementedError[39m                       Traceback (most recent call last)
[36mCell[39m[36m [39m[32mIn[6][39m[32m, line 3[39m
[32m      1[39m [38;5;66;03m#print(trapezoid(lambda x: 2*np.exp(-x*x)/np.sqrt(np.pi), 0, 5, 100))[39;00m
[32m      2[39m [38;5;66;03m#print(trapezoid(fun, 0, 5, 100))[39;00m
[32m----> [39m[32m3[39m compute_integral_plot(trapezoid, [32m0.1[39m, [32m10.0[39m, [32m0.1[39m, [32m500[39m, [33m"Trapezoid"[39m)

[36mCell[39m[36m [39m[32mIn[5][39m[32m, line 12[39m, in [36mcompute_integral_plot[39m[34m(alg, xmin, xmax, deltax, nbins_integral, algname)[39m
[32m      9[39m [38;5;28;01mdef[39;00m compute_integral_plot(alg, xmin, xmax, deltax, nbins_integral, algname):
[32m     10[39m     get_ipython().run_line_magic([33m'matplotlib'[39m, [33m'inline'[39m)
[32m     11[39m     [38;5;66;03m# YOUR CODE HERE[39;00m
[32m---> [39m[32m12[39m     [38;5;28;01mraise[39;00m NotImplementedError()

[31mNotImplementedError[39m: 

