Traceback (most recent call last):
  File "/opt/hostedtoolcache/Python/3.11.15/x64/lib/python3.11/site-packages/jupyter_cache/executors/utils.py", line 58, in single_nb_execution
    executenb(
  File "/opt/hostedtoolcache/Python/3.11.15/x64/lib/python3.11/site-packages/nbclient/client.py", line 1323, in execute
    return NotebookClient(nb=nb, resources=resources, km=km, **kwargs).execute()
           ^^^^^^^^^^^^^^^^^^^^^^^^^^^^^^^^^^^^^^^^^^^^^^^^^^^^^^^^^^^^^^^^^^^^^
  File "/opt/hostedtoolcache/Python/3.11.15/x64/lib/python3.11/site-packages/jupyter_core/utils/__init__.py", line 165, in wrapped
    return loop.run_until_complete(inner)
           ^^^^^^^^^^^^^^^^^^^^^^^^^^^^^^
  File "/opt/hostedtoolcache/Python/3.11.15/x64/lib/python3.11/asyncio/base_events.py", line 654, in run_until_complete
    return future.result()
           ^^^^^^^^^^^^^^^
  File "/opt/hostedtoolcache/Python/3.11.15/x64/lib/python3.11/site-packages/nbclient/client.py", line 709, in async_execute
    await self.async_execute_cell(
  File "/opt/hostedtoolcache/Python/3.11.15/x64/lib/python3.11/site-packages/nbclient/client.py", line 1062, in async_execute_cell
    await self._check_raise_for_error(cell, cell_index, exec_reply)
  File "/opt/hostedtoolcache/Python/3.11.15/x64/lib/python3.11/site-packages/nbclient/client.py", line 918, in _check_raise_for_error
    raise CellExecutionError.from_cell_and_msg(cell, exec_reply_content)
nbclient.exceptions.CellExecutionError: An error occurred while executing the following cell:
------------------
%matplotlib inline
#!/usr/bin/env python3

from findiff import Diff, Id, PDE, FinDiff, BoundaryConditions
import numpy as np


shape = (100, 100)
x, y = np.linspace(0, 1, shape[0]), np.linspace(0, 1, shape[1])
dx, dy = x[1]-x[0], y[1]-y[0]
X, Y = np.meshgrid(x, y, indexing='ij')

L = FinDiff(0, dx, 2) + FinDiff(1, dy, 2)
f = np.zeros(shape)

bc = BoundaryConditions(shape)
bc[1,:] = FinDiff(0, dx, 1), 0  # Neumann BC
bc[-1,:] = 300. - 200*Y   # Dirichlet BC
bc[:, 0] = 300.   # Dirichlet BC
bc[1:-1, -1] = FinDiff(1, dy, 1), 0  # Neumann BC

pde = PDE(L, f, bc)
u = pde.solve()


------------------


[31m---------------------------------------------------------------------------[39m
[31mModuleNotFoundError[39m                       Traceback (most recent call last)
[36mCell[39m[36m [39m[32mIn[1][39m[32m, line 4[39m
[32m      1[39m get_ipython().run_line_magic([33m'matplotlib'[39m, [33m'inline'[39m)
[32m      2[39m [38;5;66;03m#!/usr/bin/env python3[39;00m
[32m      3[39m 
[32m----> [39m[32m4[39m [38;5;28;01mfrom[39;00m findiff [38;5;28;01mimport[39;00m Diff, Id, PDE, FinDiff, BoundaryConditions
[32m      5[39m [38;5;28;01mimport[39;00m numpy [38;5;28;01mas[39;00m np
[32m      6[39m 
[32m      7[39m 

[31mModuleNotFoundError[39m: No module named 'findiff'

