Traceback (most recent call last):
  File "/opt/hostedtoolcache/Python/3.11.15/x64/lib/python3.11/site-packages/jupyter_cache/executors/utils.py", line 58, in single_nb_execution
    executenb(
  File "/opt/hostedtoolcache/Python/3.11.15/x64/lib/python3.11/site-packages/nbclient/client.py", line 1323, in execute
    return NotebookClient(nb=nb, resources=resources, km=km, **kwargs).execute()
           ^^^^^^^^^^^^^^^^^^^^^^^^^^^^^^^^^^^^^^^^^^^^^^^^^^^^^^^^^^^^^^^^^^^^^
  File "/opt/hostedtoolcache/Python/3.11.15/x64/lib/python3.11/site-packages/jupyter_core/utils/__init__.py", line 165, in wrapped
    return loop.run_until_complete(inner)
           ^^^^^^^^^^^^^^^^^^^^^^^^^^^^^^
  File "/opt/hostedtoolcache/Python/3.11.15/x64/lib/python3.11/asyncio/base_events.py", line 654, in run_until_complete
    return future.result()
           ^^^^^^^^^^^^^^^
  File "/opt/hostedtoolcache/Python/3.11.15/x64/lib/python3.11/site-packages/nbclient/client.py", line 709, in async_execute
    await self.async_execute_cell(
  File "/opt/hostedtoolcache/Python/3.11.15/x64/lib/python3.11/site-packages/nbclient/client.py", line 1062, in async_execute_cell
    await self._check_raise_for_error(cell, cell_index, exec_reply)
  File "/opt/hostedtoolcache/Python/3.11.15/x64/lib/python3.11/site-packages/nbclient/client.py", line 918, in _check_raise_for_error
    raise CellExecutionError.from_cell_and_msg(cell, exec_reply_content)
nbclient.exceptions.CellExecutionError: An error occurred while executing the following cell:
------------------
%matplotlib inline
import numpy as np
import matplotlib.pyplot as plt

def lyapunov_logistic(r, N=1000, transient=500, x0=0.5):
# YOUR CODE HERE
pass

# Parameter sweep
r_vals = np.linspace(2.5, 4.0, 1000)
lambda_vals = np.array([lyapunov_logistic(r) for r in r_vals])

# Plot
plt.figure(figsize=(8, 5))
plt.plot(r_vals, lambda_vals, 'b-', linewidth=1.5)
plt.axhline(0, color='k', linestyle='--', linewidth=0.8)
plt.xlabel('Parameter $r$')
plt.ylabel('Largest Lyapunov Exponent $\\lambda$')
plt.title('Lyapunov Exponent vs. $r$ for the Logistic Map')
plt.grid(True, alpha=0.3)
plt.tight_layout()
plt.savefig("fig/lyapunov_logistic.png")
plt.show()

------------------


  [36mCell[39m[36m [39m[32mIn[9][39m[32m, line 7[39m
[31m    [39m[31mpass[39m
    ^
[31mIndentationError[39m[31m:[39m expected an indented block after function definition on line 5


