Traceback (most recent call last):
  File "/opt/hostedtoolcache/Python/3.11.15/x64/lib/python3.11/site-packages/jupyter_cache/executors/utils.py", line 58, in single_nb_execution
    executenb(
  File "/opt/hostedtoolcache/Python/3.11.15/x64/lib/python3.11/site-packages/nbclient/client.py", line 1323, in execute
    return NotebookClient(nb=nb, resources=resources, km=km, **kwargs).execute()
           ^^^^^^^^^^^^^^^^^^^^^^^^^^^^^^^^^^^^^^^^^^^^^^^^^^^^^^^^^^^^^^^^^^^^^
  File "/opt/hostedtoolcache/Python/3.11.15/x64/lib/python3.11/site-packages/jupyter_core/utils/__init__.py", line 165, in wrapped
    return loop.run_until_complete(inner)
           ^^^^^^^^^^^^^^^^^^^^^^^^^^^^^^
  File "/opt/hostedtoolcache/Python/3.11.15/x64/lib/python3.11/asyncio/base_events.py", line 654, in run_until_complete
    return future.result()
           ^^^^^^^^^^^^^^^
  File "/opt/hostedtoolcache/Python/3.11.15/x64/lib/python3.11/site-packages/nbclient/client.py", line 709, in async_execute
    await self.async_execute_cell(
  File "/opt/hostedtoolcache/Python/3.11.15/x64/lib/python3.11/site-packages/nbclient/client.py", line 1062, in async_execute_cell
    await self._check_raise_for_error(cell, cell_index, exec_reply)
  File "/opt/hostedtoolcache/Python/3.11.15/x64/lib/python3.11/site-packages/nbclient/client.py", line 918, in _check_raise_for_error
    raise CellExecutionError.from_cell_and_msg(cell, exec_reply_content)
nbclient.exceptions.CellExecutionError: An error occurred while executing the following cell:
------------------
%matplotlib inline
import numpy as np
from scipy.integrate import solve_ivp
import matplotlib.pyplot as plt
import seaborn as sns
sns.set()
sns.set_context("talk")

def fderiv(t, y, r, k):
    # YOUR CODE HERE
    raise NotImplementedError()

def solve_system(T0, TF, Y0, DT, r, k):
    # YOUR CODE HERE
    raise NotImplementedError()

solve_system(T0=0.0, TF=2000.0, Y0=3.0, DT=0.2, r=0.01, k=10)
solve_system(T0=0.0, TF=200.0, Y0=3.0, DT=0.2, r=0.1, k=10)
solve_system(T0=0.0, TF=200.0, Y0=3.0, DT=0.2, r=1.1, k=10)
solve_system(T0=0.0, TF=2000.0, Y0=3.0, DT=0.2, r=0.9, k=3)
------------------


[31m---------------------------------------------------------------------------[39m
[31mNotImplementedError[39m                       Traceback (most recent call last)
[36mCell[39m[36m [39m[32mIn[3][39m[32m, line 17[39m
[32m     13[39m [38;5;28;01mdef[39;00m solve_system(T0, TF, Y0, DT, r, k):
[32m     14[39m     [38;5;66;03m# YOUR CODE HERE[39;00m
[32m     15[39m     [38;5;28;01mraise[39;00m NotImplementedError()
[32m     16[39m 
[32m---> [39m[32m17[39m solve_system(T0=[32m0.0[39m, TF=[32m2000.0[39m, Y0=[32m3.0[39m, DT=[32m0.2[39m, r=[32m0.01[39m, k=[32m10[39m)
[32m     18[39m solve_system(T0=[32m0.0[39m, TF=[32m200.0[39m, Y0=[32m3.0[39m, DT=[32m0.2[39m, r=[32m0.1[39m, k=[32m10[39m)
[32m     19[39m solve_system(T0=[32m0.0[39m, TF=[32m200.0[39m, Y0=[32m3.0[39m, DT=[32m0.2[39m, r=[32m1.1[39m, k=[32m10[39m)
[32m     20[39m solve_system(T0=[32m0.0[39m, TF=[32m2000.0[39m, Y0=[32m3.0[39m, DT=[32m0.2[39m, r=[32m0.9[39m, k=[32m3[39m)

[36mCell[39m[36m [39m[32mIn[3][39m[32m, line 15[39m, in [36msolve_system[39m[34m(T0, TF, Y0, DT, r, k)[39m
[32m     13[39m [38;5;28;01mdef[39;00m solve_system(T0, TF, Y0, DT, r, k):
[32m     14[39m     [38;5;66;03m# YOUR CODE HERE[39;00m
[32m---> [39m[32m15[39m     [38;5;28;01mraise[39;00m NotImplementedError()

[31mNotImplementedError[39m: 

