Traceback (most recent call last):
  File "/opt/hostedtoolcache/Python/3.11.15/x64/lib/python3.11/site-packages/jupyter_cache/executors/utils.py", line 58, in single_nb_execution
    executenb(
  File "/opt/hostedtoolcache/Python/3.11.15/x64/lib/python3.11/site-packages/nbclient/client.py", line 1323, in execute
    return NotebookClient(nb=nb, resources=resources, km=km, **kwargs).execute()
           ^^^^^^^^^^^^^^^^^^^^^^^^^^^^^^^^^^^^^^^^^^^^^^^^^^^^^^^^^^^^^^^^^^^^^
  File "/opt/hostedtoolcache/Python/3.11.15/x64/lib/python3.11/site-packages/jupyter_core/utils/__init__.py", line 165, in wrapped
    return loop.run_until_complete(inner)
           ^^^^^^^^^^^^^^^^^^^^^^^^^^^^^^
  File "/opt/hostedtoolcache/Python/3.11.15/x64/lib/python3.11/asyncio/base_events.py", line 654, in run_until_complete
    return future.result()
           ^^^^^^^^^^^^^^^
  File "/opt/hostedtoolcache/Python/3.11.15/x64/lib/python3.11/site-packages/nbclient/client.py", line 709, in async_execute
    await self.async_execute_cell(
  File "/opt/hostedtoolcache/Python/3.11.15/x64/lib/python3.11/site-packages/nbclient/client.py", line 1062, in async_execute_cell
    await self._check_raise_for_error(cell, cell_index, exec_reply)
  File "/opt/hostedtoolcache/Python/3.11.15/x64/lib/python3.11/site-packages/nbclient/client.py", line 918, in _check_raise_for_error
    raise CellExecutionError.from_cell_and_msg(cell, exec_reply_content)
nbclient.exceptions.CellExecutionError: An error occurred while executing the following cell:
------------------
import numpy as np

def sigmoid(x) :
    return 1.0/(1 + np.exp(-x))

def get_training_inputs():
    return np.array([[0, 0, 1],
                     [1, 1, 1], 
                     [1, 0, 1],
                     [0, 1, 1]])

def get_training_outputs():
    return np.array([0, 1, 1, 0]).reshape(4, 1)

def get_init_weights():
    """
    Initially, simply return random weights in [-1, 1)
    """
    # YOUR CODE HERE
    pass
    

def training_one_step(training_inputs, training_outputs, initial_weights):
    # Forward pass
    # iter only once
# YOUR CODE HERE
pass
------------------


  [36mCell[39m[36m [39m[32mIn[2][39m[32m, line 27[39m
[31m    [39m[31mpass[39m
    ^
[31mIndentationError[39m[31m:[39m expected an indented block after function definition on line 23


