Traceback (most recent call last):
  File "/opt/hostedtoolcache/Python/3.11.15/x64/lib/python3.11/site-packages/jupyter_cache/executors/utils.py", line 58, in single_nb_execution
    executenb(
  File "/opt/hostedtoolcache/Python/3.11.15/x64/lib/python3.11/site-packages/nbclient/client.py", line 1323, in execute
    return NotebookClient(nb=nb, resources=resources, km=km, **kwargs).execute()
           ^^^^^^^^^^^^^^^^^^^^^^^^^^^^^^^^^^^^^^^^^^^^^^^^^^^^^^^^^^^^^^^^^^^^^
  File "/opt/hostedtoolcache/Python/3.11.15/x64/lib/python3.11/site-packages/jupyter_core/utils/__init__.py", line 165, in wrapped
    return loop.run_until_complete(inner)
           ^^^^^^^^^^^^^^^^^^^^^^^^^^^^^^
  File "/opt/hostedtoolcache/Python/3.11.15/x64/lib/python3.11/asyncio/base_events.py", line 654, in run_until_complete
    return future.result()
           ^^^^^^^^^^^^^^^
  File "/opt/hostedtoolcache/Python/3.11.15/x64/lib/python3.11/site-packages/nbclient/client.py", line 709, in async_execute
    await self.async_execute_cell(
  File "/opt/hostedtoolcache/Python/3.11.15/x64/lib/python3.11/site-packages/nbclient/client.py", line 1062, in async_execute_cell
    await self._check_raise_for_error(cell, cell_index, exec_reply)
  File "/opt/hostedtoolcache/Python/3.11.15/x64/lib/python3.11/site-packages/nbclient/client.py", line 918, in _check_raise_for_error
    raise CellExecutionError.from_cell_and_msg(cell, exec_reply_content)
nbclient.exceptions.CellExecutionError: An error occurred while executing the following cell:
------------------
# # READ: 
# # https://github.com/vpython/vpython-jupyter?tab=readme-ov-file
# # https://github.com/dragonnomada/vpython-examples?tab=readme-ov-file

import vpython as vp
scene = vp.canvas()
# #vp.sphere()

# axis_x = vp.arrow(pos=vp.vector(0, 0, 0), axis=vp.vector(1, 0, 0), color=vp.color.red)
# axis_y = vp.arrow(pos=vp.vector(0, 0, 0), axis=vp.vector(0, 1, 0), color=vp.color.green)
# axis_z = vp.arrow(pos=vp.vector(0, 0, 0), axis=vp.vector(0, 0, 1), color=vp.color.blue)

# https://www.glowscript.org/docs/VPythonDocs/rotation.html
e = vp.shapes.gear(n=10, radius=0.5)
f = vp.extrusion(path=[vp.vector(0, 0, 0), vp.vector(0, 1, 0)], shape=e)
for ii in range(100):
    f.rotate(angle=vp.radians(10), axis=vp.vector(0, 1, 0))
    vp.sleep(0.05)

------------------


[31m---------------------------------------------------------------------------[39m
[31mFileNotFoundError[39m                         Traceback (most recent call last)
[36mCell[39m[36m [39m[32mIn[1][39m[32m, line 15[39m
[32m     11[39m [38;5;66;03m# axis_z = vp.arrow(pos=vp.vector(0, 0, 0), axis=vp.vector(0, 0, 1), color=vp.color.blue)[39;00m
[32m     12[39m 
[32m     13[39m [38;5;66;03m# https://www.glowscript.org/docs/VPythonDocs/rotation.html[39;00m
[32m     14[39m e = vp.shapes.gear(n=[32m10[39m, radius=[32m0.5[39m)
[32m---> [39m[32m15[39m f = vp.extrusion(path=[vp.vector([32m0[39m, [32m0[39m, [32m0[39m), vp.vector([32m0[39m, [32m1[39m, [32m0[39m)], shape=e)
[32m     16[39m [38;5;28;01mfor[39;00m ii [38;5;28;01min[39;00m range([32m100[39m):
[32m     17[39m     f.rotate(angle=vp.radians([32m10[39m), axis=vp.vector([32m0[39m, [32m1[39m, [32m0[39m))
[32m     18[39m     vp.sleep([32m0.05[39m)

[36mFile [39m[32m/opt/hostedtoolcache/Python/3.11.15/x64/lib/python3.11/site-packages/vpython/vpython.py:3946[39m, in [36mextrusion.__init__[39m[34m(self, **args)[39m
[32m   3943[39m     [38;5;28;01mif[39;00m attr [38;5;129;01min[39;00m args [38;5;129;01mand[39;00m [38;5;28misinstance[39m(args[attr],[38;5;28mlist[39m) [38;5;129;01mand[39;00m [38;5;28mlen[39m(args[attr]) != [38;5;28mself[39m._pathlength:
[32m   3944[39m         [38;5;28;01mraise[39;00m [38;5;167;01mAttributeError[39;00m([33m"[39m[33mThe [39m[33m"[39m+attr+[33m"[39m[33m list must be the same length as the list of points on the path ([39m[33m"[39m+[38;5;28mstr[39m([38;5;28mself[39m._pathlength)+[33m"[39m[33m).[39m[33m"[39m)
[32m-> [39m[32m3946[39m [30;43msuper[39;49m[30;43m([39;49m[30;43mextrusion[39;49m[30;43m,[39;49m[30;43m [39;49m[30;43mself[39;49m[30;43m)[39;49m[30;43m.[39;49m[30;43msetup[39;49m[30;43m([39;49m[30;43margs[39;49m[30;43m)[39;49m
[32m   3948[39m [38;5;28mself[39m.canvas._compound = [38;5;28mself[39m [38;5;66;03m# used by event handler to update pos and size[39;00m
[32m   3949[39m _wait([38;5;28mself[39m.canvas)

[36mFile [39m[32m/opt/hostedtoolcache/Python/3.11.15/x64/lib/python3.11/site-packages/vpython/vpython.py:612[39m, in [36mstandardAttributes.setup[39m[34m(self, args)[39m
[32m    611[39m [38;5;28;01mdef[39;00m[38;5;250m [39m[34msetup[39m([38;5;28mself[39m, args):
[32m--> [39m[32m612[39m     [30;43msuper[39;49m[30;43m([39;49m[30;43mstandardAttributes[39;49m[30;43m,[39;49m[30;43m [39;49m[30;43mself[39;49m[30;43m)[39;49m[30;43m.[39;49m[30;43m__init__[39;49m[30;43m([39;49m[30;43m)[39;49m
[32m    613[39m     [38;5;28mself[39m._constructing = [38;5;28;01mTrue[39;00m  [38;5;66;03m## calls to setters are from constructor[39;00m
[32m    615[39m     objName = [38;5;28mself[39m._objName = args[[33m'[39m[33m_objName[39m[33m'[39m]  [38;5;66;03m## identifies object type[39;00m

[36mFile [39m[32m/opt/hostedtoolcache/Python/3.11.15/x64/lib/python3.11/site-packages/vpython/vpython.py:265[39m, in [36mbaseObj.__init__[39m[34m(self, **kwargs)[39m
[32m    262[39m [38;5;28;01mif[39;00m [38;5;129;01mnot[39;00m (baseObj._view_constructed [38;5;129;01mor[39;00m
[32m    263[39m         baseObj._canvas_constructing):
[32m    264[39m     [38;5;28;01mif[39;00m _isnotebook:
[32m--> [39m[32m265[39m         [38;5;28;01mfrom[39;00m[38;5;250m [39m[34;01m.[39;00m[34;01mwith_notebook[39;00m[38;5;250m [39m[38;5;28;01mimport[39;00m _
[32m    266[39m     [38;5;28;01melse[39;00m:
[32m    267[39m         [38;5;28;01mfrom[39;00m[38;5;250m [39m[34;01m.[39;00m[34;01mno_notebook[39;00m[38;5;250m [39m[38;5;28;01mimport[39;00m _

[36mFile [39m[32m/opt/hostedtoolcache/Python/3.11.15/x64/lib/python3.11/site-packages/vpython/with_notebook.py:71[39m
[32m     66[39m         [38;5;28;01mexcept[39;00m [38;5;167;01mPermissionError[39;00m:
[32m     67[39m             [38;5;66;03m#logging.info("PermissionError: Unable to install /vpython_data directory and files for VPython on JupyterLab")[39;00m
[32m     68[39m             [38;5;28;01mpass[39;00m
[32m---> [39m[32m71[39m [38;5;28;01mif[39;00m ([33m'[39m[33mnbextensions[39m[33m'[39m [38;5;129;01min[39;00m [30;43mos[39;49m[30;43m.[39;49m[30;43mlistdir[39;49m[30;43m([39;49m[30;43mjd[39;49m[30;43m)[39;49m) [38;5;129;01mand[39;00m (notebook.__version__ <= [33m'[39m[33m6.5.5[39m[33m'[39m):
[32m     72[39m     ldir = os.listdir(nbdir)
[32m     73[39m     [38;5;28;01mif[39;00m ([33m'[39m[33mvpython_data[39m[33m'[39m [38;5;129;01min[39;00m ldir [38;5;129;01mand[39;00m [38;5;28mlen[39m(os.listdir(nbdata)) == datacnt [38;5;129;01mand[39;00m
[32m     74[39m        [33m'[39m[33mvpython_libraries[39m[33m'[39m [38;5;129;01min[39;00m ldir [38;5;129;01mand[39;00m [38;5;28mlen[39m(os.listdir(nblib)) == libcnt [38;5;129;01mand[39;00m
[32m     75[39m         [33m'[39m[33mvpython_version.txt[39m[33m'[39m [38;5;129;01min[39;00m ldir):

[31mFileNotFoundError[39m: [Errno 2] No such file or directory: '/home/runner/.local/share/jupyter'

