Traceback (most recent call last):
  File "/opt/hostedtoolcache/Python/3.11.10/x64/lib/python3.11/site-packages/jupyter_cache/executors/utils.py", line 58, in single_nb_execution
    executenb(
  File "/opt/hostedtoolcache/Python/3.11.10/x64/lib/python3.11/site-packages/nbclient/client.py", line 1314, in execute
    return NotebookClient(nb=nb, resources=resources, km=km, **kwargs).execute()
           ^^^^^^^^^^^^^^^^^^^^^^^^^^^^^^^^^^^^^^^^^^^^^^^^^^^^^^^^^^^^^^^^^^^^^
  File "/opt/hostedtoolcache/Python/3.11.10/x64/lib/python3.11/site-packages/jupyter_core/utils/__init__.py", line 165, in wrapped
    return loop.run_until_complete(inner)
           ^^^^^^^^^^^^^^^^^^^^^^^^^^^^^^
  File "/opt/hostedtoolcache/Python/3.11.10/x64/lib/python3.11/asyncio/base_events.py", line 654, in run_until_complete
    return future.result()
           ^^^^^^^^^^^^^^^
  File "/opt/hostedtoolcache/Python/3.11.10/x64/lib/python3.11/site-packages/nbclient/client.py", line 709, in async_execute
    await self.async_execute_cell(
  File "/opt/hostedtoolcache/Python/3.11.10/x64/lib/python3.11/site-packages/nbclient/client.py", line 1062, in async_execute_cell
    await self._check_raise_for_error(cell, cell_index, exec_reply)
  File "/opt/hostedtoolcache/Python/3.11.10/x64/lib/python3.11/site-packages/nbclient/client.py", line 918, in _check_raise_for_error
    raise CellExecutionError.from_cell_and_msg(cell, exec_reply_content)
nbclient.exceptions.CellExecutionError: An error occurred while executing the following cell:
------------------
# %%writefile plot_derivs.py

import numpy as np
import matplotlib.pyplot as plt
from scipy.misc import derivative as spderiv

def forward(f, x, h):
    return (f(x+h)-f(x))/h

def central(f, x, h):
    return (f(x+h/2)-f(x-h/2))/h

def central_richardson(f, x, h):
    # YOUR CODE HERE
    raise NotImplementedError()

def compare_derivatives():    
    fig, ax = plt.subplots()
    h = np.power(10.0, np.arange(-18, 0, +1))
    x = np.pi/3
    # YOUR CODE HERE
    raise NotImplementedError()
    

compare_derivatives()


------------------


[0;31m---------------------------------------------------------------------------[0m
[0;31mNotImplementedError[0m                       Traceback (most recent call last)
Cell [0;32mIn[1], line 25[0m
[1;32m     21[0m     [38;5;66;03m# YOUR CODE HERE[39;00m
[1;32m     22[0m     [38;5;28;01mraise[39;00m [38;5;167;01mNotImplementedError[39;00m()
[0;32m---> 25[0m [43mcompare_derivatives[49m[43m([49m[43m)[49m

Cell [0;32mIn[1], line 22[0m, in [0;36mcompare_derivatives[0;34m()[0m
[1;32m     20[0m x [38;5;241m=[39m np[38;5;241m.[39mpi[38;5;241m/[39m[38;5;241m3[39m
[1;32m     21[0m [38;5;66;03m# YOUR CODE HERE[39;00m
[0;32m---> 22[0m [38;5;28;01mraise[39;00m [38;5;167;01mNotImplementedError[39;00m()

[0;31mNotImplementedError[0m: 

