Traceback (most recent call last):
  File "/opt/hostedtoolcache/Python/3.11.10/x64/lib/python3.11/site-packages/jupyter_cache/executors/utils.py", line 58, in single_nb_execution
    executenb(
  File "/opt/hostedtoolcache/Python/3.11.10/x64/lib/python3.11/site-packages/nbclient/client.py", line 1314, in execute
    return NotebookClient(nb=nb, resources=resources, km=km, **kwargs).execute()
           ^^^^^^^^^^^^^^^^^^^^^^^^^^^^^^^^^^^^^^^^^^^^^^^^^^^^^^^^^^^^^^^^^^^^^
  File "/opt/hostedtoolcache/Python/3.11.10/x64/lib/python3.11/site-packages/jupyter_core/utils/__init__.py", line 165, in wrapped
    return loop.run_until_complete(inner)
           ^^^^^^^^^^^^^^^^^^^^^^^^^^^^^^
  File "/opt/hostedtoolcache/Python/3.11.10/x64/lib/python3.11/asyncio/base_events.py", line 654, in run_until_complete
    return future.result()
           ^^^^^^^^^^^^^^^
  File "/opt/hostedtoolcache/Python/3.11.10/x64/lib/python3.11/site-packages/nbclient/client.py", line 709, in async_execute
    await self.async_execute_cell(
  File "/opt/hostedtoolcache/Python/3.11.10/x64/lib/python3.11/site-packages/nbclient/client.py", line 1062, in async_execute_cell
    await self._check_raise_for_error(cell, cell_index, exec_reply)
  File "/opt/hostedtoolcache/Python/3.11.10/x64/lib/python3.11/site-packages/nbclient/client.py", line 918, in _check_raise_for_error
    raise CellExecutionError.from_cell_and_msg(cell, exec_reply_content)
nbclient.exceptions.CellExecutionError: An error occurred while executing the following cell:
------------------
#print(trapezoid(lambda x: 2*np.exp(-x*x)/np.sqrt(np.pi), 0, 5, 100))
#print(trapezoid(fun, 0, 5, 100))
compute_integral_plot(trapezoid, 0.1, 10.0, 0.1, 500, "Trapezoid")
------------------


[0;31m---------------------------------------------------------------------------[0m
[0;31mNotImplementedError[0m                       Traceback (most recent call last)
Cell [0;32mIn[6], line 3[0m
[1;32m      1[0m [38;5;66;03m#print(trapezoid(lambda x: 2*np.exp(-x*x)/np.sqrt(np.pi), 0, 5, 100))[39;00m
[1;32m      2[0m [38;5;66;03m#print(trapezoid(fun, 0, 5, 100))[39;00m
[0;32m----> 3[0m [43mcompute_integral_plot[49m[43m([49m[43mtrapezoid[49m[43m,[49m[43m [49m[38;5;241;43m0.1[39;49m[43m,[49m[43m [49m[38;5;241;43m10.0[39;49m[43m,[49m[43m [49m[38;5;241;43m0.1[39;49m[43m,[49m[43m [49m[38;5;241;43m500[39;49m[43m,[49m[43m [49m[38;5;124;43m"[39;49m[38;5;124;43mTrapezoid[39;49m[38;5;124;43m"[39;49m[43m)[49m

Cell [0;32mIn[5], line 12[0m, in [0;36mcompute_integral_plot[0;34m(alg, xmin, xmax, deltax, nbins_integral, algname)[0m
[1;32m     10[0m get_ipython()[38;5;241m.[39mrun_line_magic([38;5;124m'[39m[38;5;124mmatplotlib[39m[38;5;124m'[39m, [38;5;124m'[39m[38;5;124minline[39m[38;5;124m'[39m)
[1;32m     11[0m [38;5;66;03m# YOUR CODE HERE[39;00m
[0;32m---> 12[0m [38;5;28;01mraise[39;00m [38;5;167;01mNotImplementedError[39;00m()

[0;31mNotImplementedError[0m: 

