Traceback (most recent call last):
  File "/opt/hostedtoolcache/Python/3.11.15/x64/lib/python3.11/site-packages/jupyter_cache/executors/utils.py", line 58, in single_nb_execution
    executenb(
  File "/opt/hostedtoolcache/Python/3.11.15/x64/lib/python3.11/site-packages/nbclient/client.py", line 1323, in execute
    return NotebookClient(nb=nb, resources=resources, km=km, **kwargs).execute()
           ^^^^^^^^^^^^^^^^^^^^^^^^^^^^^^^^^^^^^^^^^^^^^^^^^^^^^^^^^^^^^^^^^^^^^
  File "/opt/hostedtoolcache/Python/3.11.15/x64/lib/python3.11/site-packages/jupyter_core/utils/__init__.py", line 165, in wrapped
    return loop.run_until_complete(inner)
           ^^^^^^^^^^^^^^^^^^^^^^^^^^^^^^
  File "/opt/hostedtoolcache/Python/3.11.15/x64/lib/python3.11/asyncio/base_events.py", line 654, in run_until_complete
    return future.result()
           ^^^^^^^^^^^^^^^
  File "/opt/hostedtoolcache/Python/3.11.15/x64/lib/python3.11/site-packages/nbclient/client.py", line 709, in async_execute
    await self.async_execute_cell(
  File "/opt/hostedtoolcache/Python/3.11.15/x64/lib/python3.11/site-packages/nbclient/client.py", line 1062, in async_execute_cell
    await self._check_raise_for_error(cell, cell_index, exec_reply)
  File "/opt/hostedtoolcache/Python/3.11.15/x64/lib/python3.11/site-packages/nbclient/client.py", line 918, in _check_raise_for_error
    raise CellExecutionError.from_cell_and_msg(cell, exec_reply_content)
nbclient.exceptions.CellExecutionError: An error occurred while executing the following cell:
------------------
# Solution to point 1
import numpy as np
import matplotlib.pyplot as plt
fig, ax = plt.subplots()

rng = np.random.default_rng(seed=21)
N = 10000
# YOUR CODE HERE
raise NotImplementedError()
------------------


[31m---------------------------------------------------------------------------[39m
[31mNotImplementedError[39m                       Traceback (most recent call last)
[36mCell[39m[36m [39m[32mIn[6][39m[32m, line 9[39m
[32m      5[39m 
[32m      6[39m rng = np.random.default_rng(seed=[32m21[39m)
[32m      7[39m N = [32m10000[39m
[32m      8[39m [38;5;66;03m# YOUR CODE HERE[39;00m
[32m----> [39m[32m9[39m [38;5;28;01mraise[39;00m NotImplementedError()

[31mNotImplementedError[39m: 

