Traceback (most recent call last):
  File "/opt/hostedtoolcache/Python/3.11.15/x64/lib/python3.11/site-packages/jupyter_cache/executors/utils.py", line 58, in single_nb_execution
    executenb(
  File "/opt/hostedtoolcache/Python/3.11.15/x64/lib/python3.11/site-packages/nbclient/client.py", line 1323, in execute
    return NotebookClient(nb=nb, resources=resources, km=km, **kwargs).execute()
           ^^^^^^^^^^^^^^^^^^^^^^^^^^^^^^^^^^^^^^^^^^^^^^^^^^^^^^^^^^^^^^^^^^^^^
  File "/opt/hostedtoolcache/Python/3.11.15/x64/lib/python3.11/site-packages/jupyter_core/utils/__init__.py", line 165, in wrapped
    return loop.run_until_complete(inner)
           ^^^^^^^^^^^^^^^^^^^^^^^^^^^^^^
  File "/opt/hostedtoolcache/Python/3.11.15/x64/lib/python3.11/asyncio/base_events.py", line 654, in run_until_complete
    return future.result()
           ^^^^^^^^^^^^^^^
  File "/opt/hostedtoolcache/Python/3.11.15/x64/lib/python3.11/site-packages/nbclient/client.py", line 709, in async_execute
    await self.async_execute_cell(
  File "/opt/hostedtoolcache/Python/3.11.15/x64/lib/python3.11/site-packages/nbclient/client.py", line 1062, in async_execute_cell
    await self._check_raise_for_error(cell, cell_index, exec_reply)
  File "/opt/hostedtoolcache/Python/3.11.15/x64/lib/python3.11/site-packages/nbclient/client.py", line 918, in _check_raise_for_error
    raise CellExecutionError.from_cell_and_msg(cell, exec_reply_content)
nbclient.exceptions.CellExecutionError: An error occurred while executing the following cell:
------------------
# use fout.write(f"...") to save the data 
def exp_expansion(x, N, fname):
    """Add docs here"""
    total = 0.0
    fout = open(fname, "w")
    # YOUR CODE HERE
    raise NotImplementedError()
    fout.close()

def factorial(n):
    """Add docs here"""
    result = 1.0
    for ii in range(1,n+1):
        result *= ii
    return result
 
# Call the function  
exp_expansion(x=1.8766, N=10000, fname="sumdata.txt")

------------------


[31m---------------------------------------------------------------------------[39m
[31mNotImplementedError[39m                       Traceback (most recent call last)
[36mCell[39m[36m [39m[32mIn[3][39m[32m, line 18[39m
[32m     14[39m         result *= ii
[32m     15[39m     [38;5;28;01mreturn[39;00m result
[32m     16[39m 
[32m     17[39m [38;5;66;03m# Call the function[39;00m
[32m---> [39m[32m18[39m exp_expansion(x=[32m1.8766[39m, N=[32m10000[39m, fname=[33m"sumdata.txt"[39m)

[36mCell[39m[36m [39m[32mIn[3][39m[32m, line 7[39m, in [36mexp_expansion[39m[34m(x, N, fname)[39m
[32m      3[39m     [33m"""Add docs here"""[39m
[32m      4[39m     total = [32m0.0[39m
[32m      5[39m     fout = open(fname, [33m"w"[39m)
[32m      6[39m     [38;5;66;03m# YOUR CODE HERE[39;00m
[32m----> [39m[32m7[39m     [38;5;28;01mraise[39;00m NotImplementedError()
[32m      8[39m     fout.close()

[31mNotImplementedError[39m: 

