Traceback (most recent call last):
  File "/opt/hostedtoolcache/Python/3.11.15/x64/lib/python3.11/site-packages/jupyter_cache/executors/utils.py", line 58, in single_nb_execution
    executenb(
  File "/opt/hostedtoolcache/Python/3.11.15/x64/lib/python3.11/site-packages/nbclient/client.py", line 1323, in execute
    return NotebookClient(nb=nb, resources=resources, km=km, **kwargs).execute()
           ^^^^^^^^^^^^^^^^^^^^^^^^^^^^^^^^^^^^^^^^^^^^^^^^^^^^^^^^^^^^^^^^^^^^^
  File "/opt/hostedtoolcache/Python/3.11.15/x64/lib/python3.11/site-packages/jupyter_core/utils/__init__.py", line 165, in wrapped
    return loop.run_until_complete(inner)
           ^^^^^^^^^^^^^^^^^^^^^^^^^^^^^^
  File "/opt/hostedtoolcache/Python/3.11.15/x64/lib/python3.11/asyncio/base_events.py", line 654, in run_until_complete
    return future.result()
           ^^^^^^^^^^^^^^^
  File "/opt/hostedtoolcache/Python/3.11.15/x64/lib/python3.11/site-packages/nbclient/client.py", line 709, in async_execute
    await self.async_execute_cell(
  File "/opt/hostedtoolcache/Python/3.11.15/x64/lib/python3.11/site-packages/nbclient/client.py", line 1062, in async_execute_cell
    await self._check_raise_for_error(cell, cell_index, exec_reply)
  File "/opt/hostedtoolcache/Python/3.11.15/x64/lib/python3.11/site-packages/nbclient/client.py", line 918, in _check_raise_for_error
    raise CellExecutionError.from_cell_and_msg(cell, exec_reply_content)
nbclient.exceptions.CellExecutionError: An error occurred while executing the following cell:
------------------
import seaborn as sns
sns.set_context('talk')

# Run a long G-JF simulation for a FREE PARTICLE
steps = 50000
dt_sim = 0.1
mass, gamma, kT = 1.0, 0.5, 1.0

x, v, f = 0.0, 0.0, 0.0
x_list = np.zeros(steps)

for ii in range(steps):
    x, v, f = gjf_step(x, v, 0.0, dt_sim, mass, gamma, kT, force_free_particle)
    x_list[ii] = x

# Calculate MSD
def calculate_msd(pos):
    n = len(pos)
    # We only need a fraction of the points to see the regimes
    # (MSD gets noisy at large tau anyway)
    max_tau = 2000 
    msd = np.zeros(max_tau)
    for tau in range(1, max_tau + 1):
        # For each tau, compute the mean square displacement
        # YOUR CODE HERE
        pass
    return msd

msd = calculate_msd(x_list)

# --- NEW PLOTTING BLOCK ---
import matplotlib.pyplot as plt

# Create a true time axis (tau_index * dt)
times = np.arange(1, len(msd) + 1) * dt_sim

plt.figure(figsize=(8, 5))
plt.loglog(times, msd, label="Simulated MSD")

# Theoretical Ballistic line: MSD = (kT/m) * t^2
ballistic_theory = (kT / mass) * times**2
plt.loglog(times, ballistic_theory, ':', linewidth=2, label="Theoretical Ballistic ($t^2$)")

# Theoretical Diffusive line: MSD = 2 * D * t
# Where Diffusion coefficient D = kT / gamma
D = kT / gamma
diffusive_theory = 2 * D * times
plt.loglog(times, diffusive_theory, '--', linewidth=2, label="Theoretical Diffusive ($t^1$)")

plt.legend()
plt.xlabel("Time (t)")
plt.ylabel("Mean Squared Displacement (MSD)")
plt.title("Free Particle MSD example: Ballistic to Diffusive Transition")
plt.ylim(1e-2, 1e4) # Adjust viewing window
#plt.savefig("fig/msd.png", dpi=90)
plt.show()
------------------


[31m---------------------------------------------------------------------------[39m
[31mNameError[39m                                 Traceback (most recent call last)
[36mCell[39m[36m [39m[32mIn[1][39m[32m, line 10[39m
[32m      6[39m dt_sim = [32m0.1[39m
[32m      7[39m mass, gamma, kT = [32m1.0[39m, [32m0.5[39m, [32m1.0[39m
[32m      8[39m 
[32m      9[39m x, v, f = [32m0.0[39m, [32m0.0[39m, [32m0.0[39m
[32m---> [39m[32m10[39m x_list = np.zeros(steps)
[32m     11[39m 
[32m     12[39m [38;5;28;01mfor[39;00m ii [38;5;28;01min[39;00m range(steps):
[32m     13[39m     x, v, f = gjf_step(x, v, [32m0.0[39m, dt_sim, mass, gamma, kT, force_free_particle)

[31mNameError[39m: name 'np' is not defined

