Traceback (most recent call last):
  File "/opt/hostedtoolcache/Python/3.11.15/x64/lib/python3.11/site-packages/jupyter_cache/executors/utils.py", line 58, in single_nb_execution
    executenb(
  File "/opt/hostedtoolcache/Python/3.11.15/x64/lib/python3.11/site-packages/nbclient/client.py", line 1323, in execute
    return NotebookClient(nb=nb, resources=resources, km=km, **kwargs).execute()
           ^^^^^^^^^^^^^^^^^^^^^^^^^^^^^^^^^^^^^^^^^^^^^^^^^^^^^^^^^^^^^^^^^^^^^
  File "/opt/hostedtoolcache/Python/3.11.15/x64/lib/python3.11/site-packages/jupyter_core/utils/__init__.py", line 165, in wrapped
    return loop.run_until_complete(inner)
           ^^^^^^^^^^^^^^^^^^^^^^^^^^^^^^
  File "/opt/hostedtoolcache/Python/3.11.15/x64/lib/python3.11/asyncio/base_events.py", line 654, in run_until_complete
    return future.result()
           ^^^^^^^^^^^^^^^
  File "/opt/hostedtoolcache/Python/3.11.15/x64/lib/python3.11/site-packages/nbclient/client.py", line 709, in async_execute
    await self.async_execute_cell(
  File "/opt/hostedtoolcache/Python/3.11.15/x64/lib/python3.11/site-packages/nbclient/client.py", line 1062, in async_execute_cell
    await self._check_raise_for_error(cell, cell_index, exec_reply)
  File "/opt/hostedtoolcache/Python/3.11.15/x64/lib/python3.11/site-packages/nbclient/client.py", line 918, in _check_raise_for_error
    raise CellExecutionError.from_cell_and_msg(cell, exec_reply_content)
nbclient.exceptions.CellExecutionError: An error occurred while executing the following cell:
------------------
import numpy as np
import seaborn as sns
import matplotlib.pyplot as plt
from scipy.integrate import solve_bvp
sns.set()
sns.set_context("talk")

def deriv(t, y, params):
    # YOUR CODE HERE
    pass
    

def bc(ya, yb, params):
    # YOUR CODE HERE
    pass
    

def mysolve_bvp(x, y0, params):
    # YOUR CODE HERE
    pass
    
    return sol

for PARAMS in [np.array([1.5e-6, 5e-6, 0.0]), np.array([1.5e-6, 5e-6, 4.8920])]:
    x = np.linspace(0, 4.0, 100)
    y0 = np.ones((2, x.size))
    fig, ax = plt.subplots()
    ax.plot(sol.x, sol.y[0])
    print(sol.p)
------------------


[31m---------------------------------------------------------------------------[39m
[31mNameError[39m                                 Traceback (most recent call last)
[36mCell[39m[36m [39m[32mIn[6][39m[32m, line 28[39m
[32m     24[39m [38;5;28;01mfor[39;00m PARAMS [38;5;28;01min[39;00m [np.array([[32m1.5e-6[39m, [32m5e-6[39m, [32m0.0[39m]), np.array([[32m1.5e-6[39m, [32m5e-6[39m, [32m4.8920[39m])]:
[32m     25[39m     x = np.linspace([32m0[39m, [32m4.0[39m, [32m100[39m)
[32m     26[39m     y0 = np.ones(([32m2[39m, x.size))
[32m     27[39m     fig, ax = plt.subplots()
[32m---> [39m[32m28[39m     ax.plot(sol.x, sol.y[[32m0[39m])
[32m     29[39m     print(sol.p)

[31mNameError[39m: name 'sol' is not defined

