Traceback (most recent call last):
  File "/opt/hostedtoolcache/Python/3.11.10/x64/lib/python3.11/site-packages/jupyter_cache/executors/utils.py", line 58, in single_nb_execution
    executenb(
  File "/opt/hostedtoolcache/Python/3.11.10/x64/lib/python3.11/site-packages/nbclient/client.py", line 1314, in execute
    return NotebookClient(nb=nb, resources=resources, km=km, **kwargs).execute()
           ^^^^^^^^^^^^^^^^^^^^^^^^^^^^^^^^^^^^^^^^^^^^^^^^^^^^^^^^^^^^^^^^^^^^^
  File "/opt/hostedtoolcache/Python/3.11.10/x64/lib/python3.11/site-packages/jupyter_core/utils/__init__.py", line 165, in wrapped
    return loop.run_until_complete(inner)
           ^^^^^^^^^^^^^^^^^^^^^^^^^^^^^^
  File "/opt/hostedtoolcache/Python/3.11.10/x64/lib/python3.11/asyncio/base_events.py", line 654, in run_until_complete
    return future.result()
           ^^^^^^^^^^^^^^^
  File "/opt/hostedtoolcache/Python/3.11.10/x64/lib/python3.11/site-packages/nbclient/client.py", line 709, in async_execute
    await self.async_execute_cell(
  File "/opt/hostedtoolcache/Python/3.11.10/x64/lib/python3.11/site-packages/nbclient/client.py", line 1062, in async_execute_cell
    await self._check_raise_for_error(cell, cell_index, exec_reply)
  File "/opt/hostedtoolcache/Python/3.11.10/x64/lib/python3.11/site-packages/nbclient/client.py", line 918, in _check_raise_for_error
    raise CellExecutionError.from_cell_and_msg(cell, exec_reply_content)
nbclient.exceptions.CellExecutionError: An error occurred while executing the following cell:
------------------
from nnv import NNV

layersList = [
    {"title":"input", "units": 3, "color": "darkBlue"},
    {"title":"hidden 1\n(sigmoid)", "units": 1, "edges_color":"red", "edges_width":2},
    {"title":"output\n(sigmoid)", "units": 1,"color": "darkBlue"},
]

NNV(layersList).render()
------------------


[0;31m---------------------------------------------------------------------------[0m
[0;31mModuleNotFoundError[0m                       Traceback (most recent call last)
Cell [0;32mIn[1], line 1[0m
[0;32m----> 1[0m [38;5;28;01mfrom[39;00m [38;5;21;01mnnv[39;00m [38;5;28;01mimport[39;00m NNV
[1;32m      3[0m layersList [38;5;241m=[39m [
[1;32m      4[0m     {[38;5;124m"[39m[38;5;124mtitle[39m[38;5;124m"[39m:[38;5;124m"[39m[38;5;124minput[39m[38;5;124m"[39m, [38;5;124m"[39m[38;5;124munits[39m[38;5;124m"[39m: [38;5;241m3[39m, [38;5;124m"[39m[38;5;124mcolor[39m[38;5;124m"[39m: [38;5;124m"[39m[38;5;124mdarkBlue[39m[38;5;124m"[39m},
[1;32m      5[0m     {[38;5;124m"[39m[38;5;124mtitle[39m[38;5;124m"[39m:[38;5;124m"[39m[38;5;124mhidden 1[39m[38;5;130;01m\n[39;00m[38;5;124m(sigmoid)[39m[38;5;124m"[39m, [38;5;124m"[39m[38;5;124munits[39m[38;5;124m"[39m: [38;5;241m1[39m, [38;5;124m"[39m[38;5;124medges_color[39m[38;5;124m"[39m:[38;5;124m"[39m[38;5;124mred[39m[38;5;124m"[39m, [38;5;124m"[39m[38;5;124medges_width[39m[38;5;124m"[39m:[38;5;241m2[39m},
[1;32m      6[0m     {[38;5;124m"[39m[38;5;124mtitle[39m[38;5;124m"[39m:[38;5;124m"[39m[38;5;124moutput[39m[38;5;130;01m\n[39;00m[38;5;124m(sigmoid)[39m[38;5;124m"[39m, [38;5;124m"[39m[38;5;124munits[39m[38;5;124m"[39m: [38;5;241m1[39m,[38;5;124m"[39m[38;5;124mcolor[39m[38;5;124m"[39m: [38;5;124m"[39m[38;5;124mdarkBlue[39m[38;5;124m"[39m},
[1;32m      7[0m ]
[1;32m      9[0m NNV(layersList)[38;5;241m.[39mrender()

[0;31mModuleNotFoundError[0m: No module named 'nnv'

